# 
# simt, lat, lon
2.00000000,51.69053600,5.89013200
2.50000000,51.69075568,5.88882013
3.00000000,51.69097534,5.88750825
3.50000000,51.69119499,5.88619635
4.00000000,51.69141463,5.88488444
4.50000000,51.69163425,5.88357252
5.00000000,51.69185385,5.88226059
5.50000000,51.69207344,5.88094864
6.00000000,51.69229302,5.87963669
6.50000000,51.69251258,5.87832471
7.00000000,51.69273213,5.87701273
7.50000000,51.69295166,5.87570073
8.00000000,51.69317118,5.87438872
8.50000000,51.69339068,5.87307670
9.00000000,51.69361017,5.87176467
9.50000000,51.69382964,5.87045262
10.00000000,51.69404910,5.86914056
10.50000000,51.69426854,5.86782848
11.00000000,51.69448797,5.86651640
11.50000000,51.69470739,5.86520430
12.00000000,51.69492679,5.86389219
12.50000000,51.69514618,5.86258006
13.00000000,51.69536555,5.86126793
13.50000000,51.69558490,5.85995578
14.00000000,51.69580425,5.85864361
14.50000000,51.69602357,5.85733144
15.00000000,51.69624289,5.85601925
15.50000000,51.69646219,5.85470705
16.00000000,51.69668147,5.85339484
16.50000000,51.69690074,5.85208261
17.00000000,51.69711999,5.85077037
17.50000000,51.69733923,5.84945812
18.00000000,51.69755846,5.84814586
18.50000000,51.69777767,5.84683358
19.00000000,51.69799686,5.84552129
19.50000000,51.69821604,5.84420899
20.00000000,51.69843521,5.84289667
20.50000000,51.69865436,5.84158434
21.00000000,51.69887350,5.84027200
21.50000000,51.69909262,5.83895965
22.00000000,51.69931173,5.83764728
22.50000000,51.69953083,5.83633491
23.00000000,51.69974990,5.83502251
23.50000000,51.69996897,5.83371011
24.00000000,51.70018802,5.83239769
24.50000000,51.70040705,5.83108526
25.00000000,51.70062607,5.82977282
25.50000000,51.70084508,5.82846037
26.00000000,51.70106407,5.82714790
26.50000000,51.70128305,5.82583542
27.00000000,51.70150201,5.82452293
27.50000000,51.70172096,5.82321042
28.00000000,51.70193989,5.82189790
28.50000000,51.70215881,5.82058537
29.00000000,51.70237771,5.81927283
29.50000000,51.70259660,5.81796027
30.00000000,51.70281547,5.81664770
30.50000000,51.70303433,5.81533512
31.00000000,51.70325318,5.81402252
31.50000000,51.70347201,5.81270992
32.00000000,51.70369082,5.81139730
32.50000000,51.70390962,5.81008466
33.00000000,51.70412841,5.80877202
33.50000000,51.70434718,5.80745936
34.00000000,51.70456594,5.80614669
34.50000000,51.70478468,5.80483401
35.00000000,51.70500341,5.80352131
35.50000000,51.70522212,5.80220860
36.00000000,51.70544082,5.80089588
36.50000000,51.70565950,5.79958314
37.00000000,51.70587817,5.79827040
37.50000000,51.70609683,5.79695764
38.00000000,51.70631547,5.79564487
38.50000000,51.70653409,5.79433208
39.00000000,51.70675270,5.79301928
39.50000000,51.70697130,5.79170647
40.00000000,51.70718988,5.79039365
40.50000000,51.70740845,5.78908081
41.00000000,51.70762700,5.78776796
41.50000000,51.70784554,5.78645510
42.00000000,51.70806406,5.78514223
42.50000000,51.70828257,5.78382934
43.00000000,51.70850106,5.78251644
43.50000000,51.70871954,5.78120353
44.00000000,51.70893800,5.77989061
44.50000000,51.70915645,5.77857767
45.00000000,51.70937489,5.77726472
45.50000000,51.70959331,5.77595176
46.00000000,51.70981172,5.77463878
46.50000000,51.71003011,5.77332579
47.00000000,51.71024848,5.77201279
47.50000000,51.71046684,5.77069978
48.00000000,51.71068519,5.76938675
48.50000000,51.71090352,5.76807371
49.00000000,51.71112184,5.76676066
49.50000000,51.71134014,5.76544760
50.00000000,51.71155843,5.76413452
50.50000000,51.71177671,5.76282143
51.00000000,51.71199497,5.76150833
51.50000000,51.71221321,5.76019521
52.00000000,51.71243144,5.75888209
52.50000000,51.71264966,5.75756895
53.00000000,51.71286786,5.75625579
53.50000000,51.71308604,5.75494263
54.00000000,51.71330421,5.75362945
54.50000000,51.71352237,5.75231626
55.00000000,51.71374051,5.75100305
55.50000000,51.71395864,5.74968984
56.00000000,51.71417675,5.74837661
56.50000000,51.71439485,5.74706337
57.00000000,51.71461293,5.74575011
57.50000000,51.71483100,5.74443685
58.00000000,51.71504906,5.74312357
58.50000000,51.71526710,5.74181027
59.00000000,51.71548512,5.74049697
59.50000000,51.71570313,5.73918365
60.00000000,51.71592113,5.73787032
60.50000000,51.71613911,5.73655698
61.00000000,51.71635707,5.73524362
61.50000000,51.71657502,5.73393025
62.00000000,51.71679296,5.73261687
62.50000000,51.71701088,5.73130348
63.00000000,51.71723140,5.72999121
63.50000000,51.71746090,5.72868296
64.00000000,51.71769964,5.72737902
64.50000000,51.71794760,5.72607956
65.00000000,51.71820473,5.72478475
65.50000000,51.71847101,5.72349475
66.00000000,51.71874639,5.72220974
66.50000000,51.71903085,5.72092988
67.00000000,51.71932435,5.71965534
67.50000000,51.71962685,5.71838628
68.00000000,51.71993830,5.71712288
68.50000000,51.72025867,5.71586529
69.00000000,51.72058792,5.71461368
69.50000000,51.72092600,5.71336821
70.00000000,51.72127287,5.71212904
70.50000000,51.72162849,5.71089635
71.00000000,51.72199280,5.70967027
71.50000000,51.72236576,5.70845099
72.00000000,51.72274733,5.70723864
72.50000000,51.72313744,5.70603341
73.00000000,51.72353606,5.70483543
73.50000000,51.72394313,5.70364487
74.00000000,51.72435859,5.70246188
74.50000000,51.72478239,5.70128661
75.00000000,51.72521448,5.70011923
75.50000000,51.72565480,5.69895987
76.00000000,51.72610329,5.69780870
76.50000000,51.72655990,5.69666586
77.00000000,51.72702456,5.69553150
77.50000000,51.72749722,5.69440577
78.00000000,51.72797780,5.69328882
78.50000000,51.72846626,5.69218079
79.00000000,51.72896252,5.69108182
79.50000000,51.72946653,5.68999207
80.00000000,51.72997821,5.68891166
80.50000000,51.73049749,5.68784075
81.00000000,51.73102432,5.68677947
81.50000000,51.73155862,5.68572797
82.00000000,51.73210033,5.68468637
82.50000000,51.73264936,5.68365481
83.00000000,51.73320566,5.68263344
83.50000000,51.73376914,5.68162237
84.00000000,51.73433974,5.68062175
84.50000000,51.73491738,5.67963171
85.00000000,51.73550198,5.67865236
85.50000000,51.73609347,5.67768385
86.00000000,51.73669177,5.67672630
86.50000000,51.73729681,5.67577983
87.00000000,51.73790850,5.67484457
87.50000000,51.73852676,5.67392064
88.00000000,51.73915152,5.67300815
88.50000000,51.73978269,5.67210724
89.00000000,51.74042019,5.67121801
89.50000000,51.74106393,5.67034058
90.00000000,51.74171384,5.66947507
90.50000000,51.74236983,5.66862160
91.00000000,51.74303181,5.66778026
91.50000000,51.74369970,5.66695118
92.00000000,51.74437340,5.66613445
92.50000000,51.74505284,5.66533020
93.00000000,51.74573678,5.66453594
93.50000000,51.74642108,5.66374248
94.00000000,51.74710537,5.66294899
94.50000000,51.74778966,5.66215548
95.00000000,51.74847394,5.66136194
95.50000000,51.74915822,5.66056838
96.00000000,51.74984250,5.65977479
96.50000000,51.75052676,5.65898119
97.00000000,51.75121102,5.65818755
97.50000000,51.75189528,5.65739390
98.00000000,51.75257953,5.65660022
98.50000000,51.75326378,5.65580651
99.00000000,51.75394802,5.65501278
99.50000000,51.75463226,5.65421903
100.00000000,51.75531649,5.65342525
100.50000000,51.75600071,5.65263145
101.00000000,51.75668493,5.65183763
101.50000000,51.75736914,5.65104378
102.00000000,51.75805335,5.65024990
102.50000000,51.75873756,5.64945601
103.00000000,51.75942175,5.64866208
103.50000000,51.76010595,5.64786814
104.00000000,51.76079013,5.64707417
104.50000000,51.76147432,5.64628018
105.00000000,51.76215849,5.64548616
105.50000000,51.76284266,5.64469212
106.00000000,51.76352683,5.64389805
106.50000000,51.76421099,5.64310396
107.00000000,51.76489515,5.64230985
107.50000000,51.76557930,5.64151571
108.00000000,51.76626344,5.64072155
108.50000000,51.76694758,5.63992736
109.00000000,51.76763171,5.63913315
109.50000000,51.76831584,5.63833892
110.00000000,51.76899996,5.63754466
110.50000000,51.76968408,5.63675038
111.00000000,51.77036819,5.63595607
111.50000000,51.77105230,5.63516174
112.00000000,51.77173640,5.63436738
112.50000000,51.77242050,5.63357301
113.00000000,51.77310459,5.63277860
113.50000000,51.77378868,5.63198418
114.00000000,51.77447276,5.63118973
114.50000000,51.77515683,5.63039525
115.00000000,51.77584090,5.62960075
115.50000000,51.77652496,5.62880623
116.00000000,51.77720902,5.62801168
116.50000000,51.77789308,5.62721711
117.00000000,51.77857713,5.62642251
117.50000000,51.77926117,5.62562789
118.00000000,51.77994521,5.62483325
118.50000000,51.78062924,5.62403858
119.00000000,51.78131326,5.62324389
119.50000000,51.78199729,5.62244918
120.00000000,51.78268130,5.62165443
120.50000000,51.78336531,5.62085967
121.00000000,51.78404932,5.62006488
121.50000000,51.78473332,5.61927007
122.00000000,51.78541731,5.61847523
122.50000000,51.78610130,5.61768037
123.00000000,51.78678528,5.61688549
123.50000000,51.78746926,5.61609058
124.00000000,51.78815324,5.61529565
124.50000000,51.78883720,5.61450069
125.00000000,51.78952117,5.61370571
125.50000000,51.79020512,5.61291070
126.00000000,51.79088908,5.61211567
126.50000000,51.79157302,5.61132062
127.00000000,51.79225696,5.61052554
127.50000000,51.79294090,5.60973044
128.00000000,51.79362483,5.60893532
128.50000000,51.79430875,5.60814017
129.00000000,51.79499267,5.60734499
129.50000000,51.79567659,5.60654979
130.00000000,51.79636050,5.60575457
130.50000000,51.79704440,5.60495932
131.00000000,51.79772830,5.60416405
131.50000000,51.79841219,5.60336876
132.00000000,51.79909608,5.60257344
132.50000000,51.79977996,5.60177810
133.00000000,51.80046384,5.60098273
133.50000000,51.80114771,5.60018734
134.00000000,51.80183157,5.59939192
134.50000000,51.80251543,5.59859648
135.00000000,51.80319929,5.59780102
135.50000000,51.80388314,5.59700553
136.00000000,51.80456698,5.59621002
136.50000000,51.80525082,5.59541449
137.00000000,51.80593465,5.59461893
137.50000000,51.80661848,5.59382334
138.00000000,51.80730231,5.59302773
138.50000000,51.80798612,5.59223210
139.00000000,51.80866994,5.59143644
139.50000000,51.80935374,5.59064076
140.00000000,51.81003754,5.58984506
140.50000000,51.81072134,5.58904933
141.00000000,51.81140513,5.58825358
141.50000000,51.81208892,5.58745780
142.00000000,51.81277270,5.58666200
142.50000000,51.81345647,5.58586617
143.00000000,51.81414024,5.58507032
143.50000000,51.81482400,5.58427445
144.00000000,51.81550776,5.58347855
144.50000000,51.81619151,5.58268263
145.00000000,51.81687526,5.58188668
145.50000000,51.81755900,5.58109071
146.00000000,51.81824274,5.58029471
146.50000000,51.81892647,5.57949870
147.00000000,51.81961020,5.57870265
147.50000000,51.82029392,5.57790659
148.00000000,51.82097764,5.57711049
148.50000000,51.82166135,5.57631438
149.00000000,51.82234505,5.57551824
149.50000000,51.82302875,5.57472207
150.00000000,51.82371244,5.57392589
150.50000000,51.82439613,5.57312967
151.00000000,51.82507981,5.57233344
151.50000000,51.82576349,5.57153718
152.00000000,51.82644716,5.57074089
152.50000000,51.82713083,5.56994458
153.00000000,51.82781449,5.56914825
153.50000000,51.82849815,5.56835189
154.00000000,51.82918180,5.56755551
154.50000000,51.82986545,5.56675911
155.00000000,51.83054909,5.56596268
155.50000000,51.83123272,5.56516622
156.00000000,51.83191635,5.56436974
156.50000000,51.83259997,5.56357324
157.00000000,51.83328359,5.56277672
157.50000000,51.83396721,5.56198016
158.00000000,51.83465081,5.56118359
158.50000000,51.83533442,5.56038699
159.00000000,51.83601801,5.55959037
159.50000000,51.83670161,5.55879372
160.00000000,51.83738519,5.55799705
160.50000000,51.83806877,5.55720035
161.00000000,51.83875235,5.55640363
161.50000000,51.83943592,5.55560689
162.00000000,51.84011948,5.55481012
162.50000000,51.84080304,5.55401333
163.00000000,51.84148660,5.55321651
163.50000000,51.84217015,5.55241967
164.00000000,51.84285369,5.55162280
164.50000000,51.84353723,5.55082591
165.00000000,51.84422076,5.55002900
165.50000000,51.84490429,5.54923206
166.00000000,51.84558781,5.54843510
166.50000000,51.84627132,5.54763811
167.00000000,51.84695484,5.54684110
167.50000000,51.84763834,5.54604407
168.00000000,51.84832184,5.54524701
168.50000000,51.84900534,5.54444993
169.00000000,51.84968883,5.54365282
169.50000000,51.85037231,5.54285569
170.00000000,51.85105579,5.54205853
170.50000000,51.85173926,5.54126135
171.00000000,51.85242273,5.54046415
171.50000000,51.85310619,5.53966692
172.00000000,51.85378965,5.53886967
172.50000000,51.85447310,5.53807239
173.00000000,51.85515655,5.53727509
173.50000000,51.85583999,5.53647776
174.00000000,51.85652342,5.53568041
174.50000000,51.85720685,5.53488304
175.00000000,51.85789028,5.53408564
175.50000000,51.85857370,5.53328822
176.00000000,51.85925711,5.53249077
176.50000000,51.85994052,5.53169330
177.00000000,51.86062392,5.53089581
177.50000000,51.86130732,5.53009829
178.00000000,51.86199071,5.52930075
178.50000000,51.86267410,5.52850318
179.00000000,51.86335748,5.52770559
179.50000000,51.86404086,5.52690797
180.00000000,51.86472423,5.52611033
180.50000000,51.86540759,5.52531267
181.00000000,51.86609095,5.52451498
181.50000000,51.86677431,5.52371727
182.00000000,51.86745766,5.52291953
182.50000000,51.86814100,5.52212177
183.00000000,51.86882434,5.52132398
183.50000000,51.86950767,5.52052617
184.00000000,51.87019100,5.51972834
184.50000000,51.87087432,5.51893048
185.00000000,51.87155764,5.51813260
185.50000000,51.87224095,5.51733469
186.00000000,51.87292426,5.51653676
186.50000000,51.87360756,5.51573880
187.00000000,51.87429085,5.51494082
187.50000000,51.87497414,5.51414282
188.00000000,51.87565743,5.51334479
188.50000000,51.87634071,5.51254674
189.00000000,51.87702398,5.51174866
189.50000000,51.87770725,5.51095056
190.00000000,51.87839051,5.51015244
190.50000000,51.87907377,5.50935429
191.00000000,51.87975702,5.50855611
191.50000000,51.88044027,5.50775791
192.00000000,51.88112351,5.50695969
192.50000000,51.88180675,5.50616145
193.00000000,51.88248998,5.50536317
193.50000000,51.88317320,5.50456488
194.00000000,51.88385642,5.50376656
194.50000000,51.88453963,5.50296822
195.00000000,51.88522284,5.50216985
195.50000000,51.88590605,5.50137146
196.00000000,51.88658925,5.50057304
196.50000000,51.88727244,5.49977460
197.00000000,51.88795562,5.49897613
197.50000000,51.88863881,5.49817764
198.00000000,51.88932198,5.49737913
198.50000000,51.89000515,5.49658059
199.00000000,51.89068832,5.49578203
199.50000000,51.89137148,5.49498345
200.00000000,51.89205463,5.49418483
200.50000000,51.89273778,5.49338620
201.00000000,51.89342093,5.49258754
201.50000000,51.89410407,5.49178886
202.00000000,51.89478720,5.49099015
202.50000000,51.89547033,5.49019142
203.00000000,51.89615345,5.48939266
203.50000000,51.89683657,5.48859388
204.00000000,51.89751968,5.48779507
204.50000000,51.89820278,5.48699625
205.00000000,51.89888589,5.48619739
205.50000000,51.89956898,5.48539851
206.00000000,51.90025207,5.48459961
206.50000000,51.90093515,5.48380069
207.00000000,51.90161823,5.48300173
207.50000000,51.90230131,5.48220276
208.00000000,51.90298438,5.48140376
208.50000000,51.90366744,5.48060474
209.00000000,51.90435050,5.47980569
209.50000000,51.90503355,5.47900662
210.00000000,51.90571659,5.47820752
210.50000000,51.90639964,5.47740840
211.00000000,51.90708267,5.47660925
211.50000000,51.90776570,5.47581008
212.00000000,51.90844873,5.47501089
212.50000000,51.90913175,5.47421167
213.00000000,51.90981476,5.47341243
213.50000000,51.91049777,5.47261316
214.00000000,51.91118077,5.47181387
214.50000000,51.91186377,5.47101456
215.00000000,51.91254676,5.47021522
215.50000000,51.91322975,5.46941585
216.00000000,51.91391273,5.46861646
216.50000000,51.91459571,5.46781705
217.00000000,51.91527868,5.46701761
217.50000000,51.91596164,5.46621815
218.00000000,51.91664460,5.46541867
218.50000000,51.91732756,5.46461916
219.00000000,51.91801051,5.46381962
219.50000000,51.91869345,5.46302006
220.00000000,51.91937639,5.46222048
220.50000000,51.92005932,5.46142087
221.00000000,51.92074225,5.46062124
221.50000000,51.92142517,5.45982159
222.00000000,51.92210809,5.45902191
222.50000000,51.92279100,5.45822220
223.00000000,51.92347508,5.45742513
223.50000000,51.92416441,5.45664001
224.00000000,51.92485921,5.45586769
224.50000000,51.92555941,5.45510828
225.00000000,51.92626491,5.45436187
225.50000000,51.92697563,5.45362856
226.00000000,51.92769146,5.45290845
226.50000000,51.92841231,5.45220163
227.00000000,51.92913810,5.45150820
227.50000000,51.92986872,5.45082825
228.00000000,51.93060408,5.45016186
228.50000000,51.93134409,5.44950912
229.00000000,51.93208865,5.44887011
229.50000000,51.93283766,5.44824493
230.00000000,51.93359102,5.44763366
230.50000000,51.93434863,5.44703636
231.00000000,51.93511040,5.44645313
231.50000000,51.93587623,5.44588404
232.00000000,51.93664602,5.44532916
232.50000000,51.93741966,5.44478856
233.00000000,51.93819706,5.44426233
233.50000000,51.93897811,5.44375051
234.00000000,51.93976272,5.44325319
234.50000000,51.94055077,5.44277043
235.00000000,51.94134217,5.44230229
235.50000000,51.94213589,5.44184454
236.00000000,51.94292969,5.44138716
236.50000000,51.94372349,5.44092977
237.00000000,51.94451728,5.44047236
237.50000000,51.94531108,5.44001493
238.00000000,51.94610487,5.43955749
238.50000000,51.94689866,5.43910003
239.00000000,51.94769245,5.43864256
239.50000000,51.94848623,5.43818507
240.00000000,51.94928002,5.43772756
240.50000000,51.95007380,5.43727004
241.00000000,51.95086758,5.43681250
241.50000000,51.95166136,5.43635495
242.00000000,51.95245514,5.43589738
242.50000000,51.95324892,5.43543979
243.00000000,51.95404269,5.43498219
243.50000000,51.95483647,5.43452457
244.00000000,51.95563024,5.43406693
244.50000000,51.95642401,5.43360928
245.00000000,51.95721777,5.43315161
245.50000000,51.95801154,5.43269393
246.00000000,51.95880530,5.43223623
246.50000000,51.95959906,5.43177851
247.00000000,51.96039283,5.43132078
247.50000000,51.96118658,5.43086303
248.00000000,51.96198034,5.43040526
248.50000000,51.96277410,5.42994748
249.00000000,51.96356785,5.42948969
249.50000000,51.96436160,5.42903187
250.00000000,51.96515535,5.42857404
250.50000000,51.96594910,5.42811619
251.00000000,51.96674284,5.42765833
251.50000000,51.96753659,5.42720045
252.00000000,51.96833033,5.42674256
252.50000000,51.96912407,5.42628465
253.00000000,51.96991781,5.42582672
253.50000000,51.97071155,5.42536878
254.00000000,51.97150528,5.42491082
254.50000000,51.97229902,5.42445284
255.00000000,51.97309275,5.42399485
255.50000000,51.97388648,5.42353684
256.00000000,51.97468021,5.42307881
256.50000000,51.97547393,5.42262077
257.00000000,51.97626766,5.42216272
257.50000000,51.97706138,5.42170464
258.00000000,51.97785510,5.42124655
258.50000000,51.97864882,5.42078845
259.00000000,51.97944254,5.42033032
259.50000000,51.98023626,5.41987219
260.00000000,51.98102997,5.41941403
260.50000000,51.98182368,5.41895586
261.00000000,51.98261739,5.41849767
261.50000000,51.98341110,5.41803947
262.00000000,51.98420481,5.41758125
262.50000000,51.98499852,5.41712301
263.00000000,51.98579222,5.41666476
263.50000000,51.98658592,5.41620649
264.00000000,51.98737962,5.41574821
264.50000000,51.98817332,5.41528991
265.00000000,51.98896701,5.41483159
265.50000000,51.98976071,5.41437326
266.00000000,51.99055440,5.41391491
266.50000000,51.99134809,5.41345654
267.00000000,51.99214178,5.41299816
267.50000000,51.99293547,5.41253976
268.00000000,51.99372916,5.41208135
268.50000000,51.99452284,5.41162292
269.00000000,51.99531652,5.41116447
269.50000000,51.99611020,5.41070600
270.00000000,51.99690388,5.41024753
270.50000000,51.99769756,5.40978903
271.00000000,51.99849123,5.40933052
271.50000000,51.99928491,5.40887199
272.00000000,52.00007858,5.40841344
272.50000000,52.00087225,5.40795488
273.00000000,52.00166591,5.40749631
273.50000000,52.00245958,5.40703771
274.00000000,52.00325325,5.40657910
274.50000000,52.00404691,5.40612048
275.00000000,52.00484057,5.40566183
275.50000000,52.00563423,5.40520318
276.00000000,52.00642789,5.40474450
276.50000000,52.00722154,5.40428581
277.00000000,52.00801519,5.40382710
277.50000000,52.00880885,5.40336838
278.00000000,52.00960250,5.40290964
278.50000000,52.01039614,5.40245088
279.00000000,52.01118979,5.40199211
279.50000000,52.01198344,5.40153332
280.00000000,52.01277708,5.40107452
280.50000000,52.01357072,5.40061570
281.00000000,52.01436436,5.40015686
281.50000000,52.01515800,5.39969800
282.00000000,52.01595163,5.39923913
282.50000000,52.01674527,5.39878025
283.00000000,52.01753890,5.39832135
283.50000000,52.01833253,5.39786243
284.00000000,52.01912616,5.39740349
284.50000000,52.01991979,5.39694454
285.00000000,52.02071341,5.39648557
285.50000000,52.02150703,5.39602659
286.00000000,52.02230066,5.39556759
286.50000000,52.02309427,5.39510857
287.00000000,52.02388789,5.39464954
287.50000000,52.02468151,5.39419049
288.00000000,52.02547512,5.39373142
288.50000000,52.02626874,5.39327234
289.00000000,52.02706235,5.39281324
289.50000000,52.02785596,5.39235413
290.00000000,52.02864956,5.39189500
290.50000000,52.02944317,5.39143585
291.00000000,52.03023677,5.39097669
291.50000000,52.03103037,5.39051751
292.00000000,52.03182397,5.39005831
292.50000000,52.03261757,5.38959910
293.00000000,52.03341117,5.38913987
293.50000000,52.03420476,5.38868063
294.00000000,52.03499836,5.38822137
294.50000000,52.03579195,5.38776209
295.00000000,52.03658554,5.38730280
295.50000000,52.03737913,5.38684349
296.00000000,52.03817271,5.38638416
296.50000000,52.03896630,5.38592482
297.00000000,52.03975988,5.38546546
297.50000000,52.04055346,5.38500608
298.00000000,52.04134704,5.38454669
298.50000000,52.04214061,5.38408728
299.00000000,52.04293419,5.38362786
299.50000000,52.04372776,5.38316842
300.00000000,52.04452133,5.38270896
300.50000000,52.04531490,5.38224949
301.00000000,52.04610847,5.38179000
301.50000000,52.04690204,5.38133049
302.00000000,52.04769560,5.38087097
302.50000000,52.04848917,5.38041143
303.00000000,52.04928273,5.37995188
303.50000000,52.05007629,5.37949231
304.00000000,52.05086984,5.37903272
304.50000000,52.05166340,5.37857312
305.00000000,52.05245695,5.37811350
305.50000000,52.05325050,5.37765386
306.00000000,52.05404405,5.37719421
306.50000000,52.05483760,5.37673454
307.00000000,52.05563115,5.37627485
307.50000000,52.05642469,5.37581515
308.00000000,52.05721824,5.37535543
308.50000000,52.05801178,5.37489570
309.00000000,52.05880532,5.37443595
309.50000000,52.05959885,5.37397618
310.00000000,52.06039239,5.37351640
310.50000000,52.06118592,5.37305660
311.00000000,52.06197946,5.37259678
311.50000000,52.06277299,5.37213695
312.00000000,52.06356652,5.37167710
312.50000000,52.06436004,5.37121724
313.00000000,52.06515357,5.37075735
313.50000000,52.06594709,5.37029746
314.00000000,52.06674061,5.36983754
314.50000000,52.06753413,5.36937761
315.00000000,52.06832765,5.36891767
315.50000000,52.06912117,5.36845770
316.00000000,52.06991468,5.36799772
316.50000000,52.07070819,5.36753773
317.00000000,52.07150170,5.36707771
317.50000000,52.07229521,5.36661769
318.00000000,52.07308872,5.36615764
318.50000000,52.07388223,5.36569758
319.00000000,52.07467573,5.36523750
319.50000000,52.07546923,5.36477741
320.00000000,52.07626273,5.36431730
320.50000000,52.07705623,5.36385717
321.00000000,52.07784973,5.36339703
321.50000000,52.07864322,5.36293687
322.00000000,52.07943671,5.36247669
322.50000000,52.08023020,5.36201650
323.00000000,52.08102369,5.36155629
323.50000000,52.08181718,5.36109607
324.00000000,52.08261067,5.36063583
324.50000000,52.08340415,5.36017557
325.00000000,52.08419763,5.35971529
325.50000000,52.08499108,5.35925486
326.00000000,52.08578243,5.35878499
326.50000000,52.08657044,5.35830043
327.00000000,52.08735499,5.35780125
327.50000000,52.08813599,5.35728751
328.00000000,52.08891334,5.35675928
328.50000000,52.08968692,5.35621663
329.00000000,52.09045665,5.35565963
329.50000000,52.09122242,5.35508834
330.00000000,52.09198413,5.35450285
330.50000000,52.09274168,5.35390323
331.00000000,52.09349498,5.35328956
331.50000000,52.09424392,5.35266191
332.00000000,52.09498841,5.35202037
332.50000000,52.09572835,5.35136503
333.00000000,52.09646364,5.35069596
333.50000000,52.09719419,5.35001325
334.00000000,52.09791991,5.34931700
334.50000000,52.09864069,5.34860729
335.00000000,52.09935644,5.34788421
335.50000000,52.10006708,5.34714787
336.00000000,52.10077250,5.34639835
336.50000000,52.10147262,5.34563575
337.00000000,52.10216735,5.34486017
337.50000000,52.10285659,5.34407171
338.00000000,52.10354025,5.34327048
338.50000000,52.10421825,5.34245658
339.00000000,52.10489049,5.34163011
339.50000000,52.10555690,5.34079119
340.00000000,52.10621737,5.33993991
340.50000000,52.10687183,5.33907640
341.00000000,52.10752020,5.33820076
341.50000000,52.10816237,5.33731311
342.00000000,52.10879828,5.33641357
342.50000000,52.10942784,5.33550225
343.00000000,52.11005097,5.33457926
343.50000000,52.11066758,5.33364474
344.00000000,52.11127760,5.33269880
344.50000000,52.11188094,5.33174156
345.00000000,52.11247756,5.33077321
345.50000000,52.11307140,5.32980030
346.00000000,52.11366522,5.32882736
346.50000000,52.11425904,5.32785440
347.00000000,52.11485285,5.32688141
347.50000000,52.11544665,5.32590839
348.00000000,52.11604045,5.32493535
348.50000000,52.11663423,5.32396229
349.00000000,52.11722801,5.32298919
349.50000000,52.11782178,5.32201607
350.00000000,52.11841554,5.32104293
350.50000000,52.11900930,5.32006976
351.00000000,52.11960304,5.31909656
351.50000000,52.12019678,5.31812334
352.00000000,52.12079051,5.31715009
352.50000000,52.12138423,5.31617682
353.00000000,52.12197795,5.31520352
353.50000000,52.12257165,5.31423019
354.00000000,52.12316535,5.31325684
354.50000000,52.12375904,5.31228346
355.00000000,52.12435272,5.31131006
355.50000000,52.12494639,5.31033663
356.00000000,52.12554006,5.30936317
356.50000000,52.12613372,5.30838969
357.00000000,52.12672737,5.30741618
357.50000000,52.12732101,5.30644265
358.00000000,52.12791464,5.30546909
358.50000000,52.12850827,5.30449550
359.00000000,52.12910189,5.30352189
359.50000000,52.12969550,5.30254825
360.00000000,52.13028910,5.30157459
360.50000000,52.13088269,5.30060090
361.00000000,52.13147628,5.29962719
361.50000000,52.13206985,5.29865344
362.00000000,52.13266342,5.29767968
362.50000000,52.13325699,5.29670588
363.00000000,52.13385054,5.29573207
363.50000000,52.13444408,5.29475822
364.00000000,52.13503762,5.29378435
364.50000000,52.13563115,5.29281045
365.00000000,52.13622467,5.29183653
365.50000000,52.13681819,5.29086258
366.00000000,52.13741169,5.28988861
366.50000000,52.13800519,5.28891460
367.00000000,52.13859868,5.28794058
367.50000000,52.13919216,5.28696653
368.00000000,52.13978563,5.28599245
368.50000000,52.14037910,5.28501834
369.00000000,52.14097255,5.28404421
369.50000000,52.14156600,5.28307005
370.00000000,52.14215944,5.28209587
370.50000000,52.14275288,5.28112166
371.00000000,52.14334630,5.28014743
371.50000000,52.14393972,5.27917317
372.00000000,52.14453313,5.27819888
372.50000000,52.14512653,5.27722457
373.00000000,52.14571992,5.27625023
373.50000000,52.14631331,5.27527587
374.00000000,52.14690668,5.27430148
374.50000000,52.14749862,5.27332475
375.00000000,52.14808408,5.27233771
375.50000000,52.14866259,5.27133983
376.00000000,52.14923406,5.27033123
376.50000000,52.14979844,5.26931205
377.00000000,52.15035563,5.26828242
377.50000000,52.15090557,5.26724247
378.00000000,52.15144819,5.26619235
378.50000000,52.15198342,5.26513217
379.00000000,52.15251118,5.26406210
379.50000000,52.15303141,5.26298225
380.00000000,52.15354404,5.26189279
380.50000000,52.15404900,5.26079383
381.00000000,52.15454623,5.25968554
381.50000000,52.15503566,5.25856806
382.00000000,52.15551723,5.25744152
382.50000000,52.15599087,5.25630608
383.00000000,52.15645653,5.25516189
383.50000000,52.15691414,5.25400909
384.00000000,52.15736364,5.25284783
384.50000000,52.15780498,5.25167828
385.00000000,52.15823810,5.25050057
385.50000000,52.15866293,5.24931486
386.00000000,52.15907944,5.24812132
386.50000000,52.15948755,5.24692008
387.00000000,52.15988722,5.24571132
387.50000000,52.16027840,5.24449518
388.00000000,52.16066103,5.24327183
388.50000000,52.16103506,5.24204142
389.00000000,52.16140045,5.24080413
389.50000000,52.16175715,5.23956010
390.00000000,52.16210511,5.23830950
390.50000000,52.16244429,5.23705250
391.00000000,52.16277463,5.23578925
391.50000000,52.16309611,5.23451993
392.00000000,52.16340868,5.23324469
392.50000000,52.16371229,5.23196371
393.00000000,52.16400690,5.23067715
393.50000000,52.16429249,5.22938519
394.00000000,52.16456901,5.22808798
394.50000000,52.16483655,5.22678577
395.00000000,52.16510099,5.22548187
395.50000000,52.16536542,5.22417794
396.00000000,52.16562983,5.22287401
396.50000000,52.16589422,5.22157005
397.00000000,52.16615861,5.22026608
397.50000000,52.16642297,5.21896210
398.00000000,52.16668733,5.21765810
398.50000000,52.16695166,5.21635408
399.00000000,52.16721599,5.21505005
399.50000000,52.16748030,5.21374601
400.00000000,52.16774459,5.21244194
400.50000000,52.16800887,5.21113787
401.00000000,52.16827314,5.20983377
401.50000000,52.16853739,5.20852967
402.00000000,52.16880163,5.20722554
402.50000000,52.16906585,5.20592140
403.00000000,52.16933006,5.20461725
403.50000000,52.16959426,5.20331308
404.00000000,52.16985844,5.20200889
404.50000000,52.17012260,5.20070469
405.00000000,52.17038675,5.19940047
405.50000000,52.17065089,5.19809624
406.00000000,52.17091501,5.19679199
406.50000000,52.17117912,5.19548773
407.00000000,52.17144322,5.19418345
407.50000000,52.17170730,5.19287916
408.00000000,52.17197136,5.19157485
408.50000000,52.17223541,5.19027052
409.00000000,52.17249945,5.18896618
409.50000000,52.17276347,5.18766182
410.00000000,52.17302748,5.18635745
410.50000000,52.17329147,5.18505307
411.00000000,52.17355545,5.18374866
411.50000000,52.17381941,5.18244424
412.00000000,52.17408336,5.18113981
412.50000000,52.17434730,5.17983536
413.00000000,52.17461122,5.17853090
413.50000000,52.17487513,5.17722642
414.00000000,52.17513902,5.17592192
414.50000000,52.17540290,5.17461741
415.00000000,52.17566676,5.17331288
415.50000000,52.17593061,5.17200834
416.00000000,52.17619444,5.17070378
416.50000000,52.17645826,5.16939921
417.00000000,52.17672207,5.16809462
417.50000000,52.17698586,5.16679002
418.00000000,52.17724964,5.16548540
418.50000000,52.17751340,5.16418076
419.00000000,52.17777715,5.16287611
419.50000000,52.17804088,5.16157145
420.00000000,52.17830460,5.16026677
420.50000000,52.17856831,5.15896207
421.00000000,52.17883200,5.15765736
421.50000000,52.17909567,5.15635263
422.00000000,52.17935934,5.15504789
422.50000000,52.17962298,5.15374313
423.00000000,52.17988662,5.15243835
423.50000000,52.18015024,5.15113356
424.00000000,52.18041384,5.14982876
424.50000000,52.18067743,5.14852394
425.00000000,52.18094101,5.14721910
425.50000000,52.18120457,5.14591425
426.00000000,52.18146811,5.14460938
426.50000000,52.18173165,5.14330450
427.00000000,52.18199516,5.14199960
427.50000000,52.18225867,5.14069469
428.00000000,52.18252216,5.13938976
428.50000000,52.18278563,5.13808481
429.00000000,52.18304909,5.13677985
429.50000000,52.18331254,5.13547488
430.00000000,52.18357597,5.13416989
430.50000000,52.18383939,5.13286488
431.00000000,52.18410279,5.13155986
431.50000000,52.18436618,5.13025482
432.00000000,52.18462955,5.12894977
432.50000000,52.18489291,5.12764470
433.00000000,52.18515625,5.12633962
433.50000000,52.18541958,5.12503452
434.00000000,52.18568290,5.12372941
434.50000000,52.18594620,5.12242428
435.00000000,52.18620949,5.12111913
435.50000000,52.18647276,5.11981397
436.00000000,52.18673602,5.11850879
436.50000000,52.18699927,5.11720360
437.00000000,52.18726249,5.11589839
437.50000000,52.18752571,5.11459317
438.00000000,52.18778891,5.11328793
438.50000000,52.18805210,5.11198268
439.00000000,52.18831527,5.11067741
439.50000000,52.18857843,5.10937212
440.00000000,52.18884157,5.10806682
440.50000000,52.18910470,5.10676151
441.00000000,52.18936781,5.10545618
441.50000000,52.18963091,5.10415083
442.00000000,52.18989400,5.10284547
442.50000000,52.19015707,5.10154009
443.00000000,52.19042013,5.10023470
443.50000000,52.19068317,5.09892929
444.00000000,52.19094619,5.09762387
444.50000000,52.19120921,5.09631843
445.00000000,52.19147221,5.09501297
445.50000000,52.19173519,5.09370750
446.00000000,52.19199816,5.09240202
446.50000000,52.19226112,5.09109652
447.00000000,52.19252406,5.08979100
447.50000000,52.19278698,5.08848547
448.00000000,52.19304990,5.08717992
448.50000000,52.19331279,5.08587436
449.00000000,52.19357568,5.08456878
449.50000000,52.19383854,5.08326318
450.00000000,52.19410140,5.08195757
450.50000000,52.19436424,5.08065195
451.00000000,52.19462706,5.07934631
451.50000000,52.19488987,5.07804065
452.00000000,52.19515267,5.07673498
452.50000000,52.19541545,5.07542929
453.00000000,52.19567822,5.07412359
453.50000000,52.19594097,5.07281787
454.00000000,52.19620371,5.07151214
454.50000000,52.19646645,5.07020640
455.00000000,52.19672919,5.06890065
455.50000000,52.19699194,5.06759490
456.00000000,52.19725468,5.06628914
456.50000000,52.19751742,5.06498337
457.00000000,52.19778016,5.06367759
457.50000000,52.19804290,5.06237181
458.00000000,52.19830565,5.06106601
458.50000000,52.19856839,5.05976021
459.00000000,52.19883113,5.05845440
